c:\users\dank memer\source\repos\grafm\consolerogue\consolerogue\x64\debug\vc142.pdb
c:\users\dank memer\source\repos\grafm\consolerogue\consolerogue\x64\debug\vc142.idb
c:\users\dank memer\source\repos\grafm\consolerogue\consolerogue\x64\debug\roomgenerator.obj
c:\users\dank memer\source\repos\grafm\consolerogue\consolerogue\x64\debug\playerstatsection.obj
c:\users\dank memer\source\repos\grafm\consolerogue\consolerogue\x64\debug\player.obj
c:\users\dank memer\source\repos\grafm\consolerogue\consolerogue\x64\debug\map.obj
c:\users\dank memer\source\repos\grafm\consolerogue\consolerogue\x64\debug\main.obj
c:\users\dank memer\source\repos\grafm\consolerogue\consolerogue\x64\debug\level.obj
c:\users\dank memer\source\repos\grafm\consolerogue\consolerogue\x64\debug\game.obj
c:\users\dank memer\source\repos\grafm\consolerogue\consolerogue\x64\debug\eventsection.obj
c:\users\dank memer\source\repos\grafm\consolerogue\consolerogue\x64\debug\actor.obj
c:\users\dank memer\source\repos\grafm\consolerogue\consolerogue\x64\debug\consolerogue.ilk
c:\users\dank memer\source\repos\grafm\consolerogue\x64\debug\consolerogue.exe
c:\users\dank memer\source\repos\grafm\consolerogue\x64\debug\consolerogue.pdb
c:\users\dank memer\source\repos\grafm\consolerogue\consolerogue\x64\debug\consolerogue.tlog\cl.command.1.tlog
c:\users\dank memer\source\repos\grafm\consolerogue\consolerogue\x64\debug\consolerogue.tlog\cl.read.1.tlog
c:\users\dank memer\source\repos\grafm\consolerogue\consolerogue\x64\debug\consolerogue.tlog\cl.write.1.tlog
c:\users\dank memer\source\repos\grafm\consolerogue\consolerogue\x64\debug\consolerogue.tlog\link.command.1.tlog
c:\users\dank memer\source\repos\grafm\consolerogue\consolerogue\x64\debug\consolerogue.tlog\link.read.1.tlog
c:\users\dank memer\source\repos\grafm\consolerogue\consolerogue\x64\debug\consolerogue.tlog\link.write.1.tlog
